<?xml version="1.0" encoding="UTF-8"?>
<!-- Generated by org.testng.reporters.JUnitReportReporter -->
<testsuite skipped="0" hostname="DESKTOP-HGMDJ3C" name="day29.Demo3" tests="1" failures="0" timestamp="03 Mar 2022 08:26:39 GMT" time="0.015" errors="0">
  <testcase name="testC" time="0.015" classname="day29.Demo3"/>
</testsuite> <!-- day29.Demo3 -->
