<?xml version="1.0" encoding="UTF-8"?>
<!-- Generated by org.testng.reporters.JUnitReportReporter -->
<testsuite skipped="0" hostname="DESKTOP-HGMDJ3C" name="day32.Test1" tests="1" failures="0" timestamp="09 Mar 2022 16:15:58 GMT" time="19.668" errors="0">
  <testcase name="testA" time="19.668" classname="day32.Test1"/>
</testsuite> <!-- day32.Test1 -->
