<?xml version="1.0" encoding="UTF-8"?>
<!-- Generated by org.testng.reporters.JUnitReportReporter -->
<testsuite skipped="0" hostname="DESKTOP-HGMDJ3C" name="day30.Demo11" tests="2" failures="0" timestamp="03 Mar 2022 20:37:55 GMT" time="0.000" errors="0">
  <testcase name="createUser" time="0.000" classname="day30.Demo11"/>
  <testcase name="deleteUser" time="0.000" classname="day30.Demo11"/>
</testsuite> <!-- day30.Demo11 -->
