<?xml version="1.0" encoding="UTF-8"?>
<!-- Generated by org.testng.reporters.JUnitReportReporter -->
<testsuite skipped="0" hostname="DESKTOP-HGMDJ3C" name="day30.Demo7" tests="3" failures="0" timestamp="03 Mar 2022 19:42:48 GMT" time="0.016" errors="0">
  <testcase name="createUser" time="0.011" classname="day30.Demo7"/>
  <testcase name="createUser" time="0.003" classname="day30.Demo7"/>
  <testcase name="createUser" time="0.002" classname="day30.Demo7"/>
</testsuite> <!-- day30.Demo7 -->
