<?xml version="1.0" encoding="UTF-8"?>
<!-- Generated by org.testng.reporters.JUnitReportReporter -->
<testsuite skipped="0" hostname="DESKTOP-HGMDJ3C" name="demo32.Test3" tests="1" failures="0" timestamp="06 Mar 2022 18:34:01 GMT" time="19.288" errors="0">
  <testcase name="testA" time="19.288" classname="demo32.Test3"/>
</testsuite> <!-- demo32.Test3 -->
