<?xml version="1.0" encoding="UTF-8"?>
<!-- Generated by org.testng.reporters.JUnitReportReporter -->
<testsuite skipped="0" hostname="DESKTOP-HGMDJ3C" name="day32.Test3" tests="1" failures="0" timestamp="08 Mar 2022 13:41:21 GMT" time="16.542" errors="0">
  <testcase name="testA" time="16.542" classname="day32.Test3"/>
</testsuite> <!-- day32.Test3 -->
