<?xml version="1.0" encoding="UTF-8"?>
<!-- Generated by org.testng.reporters.JUnitReportReporter -->
<testsuite skipped="0" hostname="DESKTOP-HGMDJ3C" name="day33.Demo2" tests="2" failures="0" timestamp="08 Mar 2022 18:25:55 GMT" time="88.343" errors="0">
  <testcase name="testA" time="40.681" classname="day33.Demo2"/>
  <testcase name="testA" time="47.662" classname="day33.Demo2"/>
</testsuite> <!-- day33.Demo2 -->
