<?xml version="1.0" encoding="UTF-8"?>
<!-- Generated by org.testng.reporters.JUnitReportReporter -->
<testsuite skipped="0" hostname="DESKTOP-HGMDJ3C" name="day33.Demo3" tests="1" failures="0" timestamp="08 Mar 2022 18:49:49 GMT" time="37.952" errors="0">
  <testcase name="testA" time="37.952" classname="day33.Demo3"/>
</testsuite> <!-- day33.Demo3 -->
