<?xml version="1.0" encoding="UTF-8"?>
<!-- Generated by org.testng.reporters.JUnitReportReporter -->
<testsuite skipped="0" hostname="DESKTOP-HGMDJ3C" name="day30.Demo10" tests="2" failures="0" timestamp="03 Mar 2022 20:35:31 GMT" time="0.022" errors="0">
  <testcase name="createUser" time="0.006" classname="day30.Demo10"/>
  <testcase name="deleteUser" time="0.016" classname="day30.Demo10"/>
</testsuite> <!-- day30.Demo10 -->
