<?xml version="1.0" encoding="UTF-8"?>
<!-- Generated by org.testng.reporters.JUnitReportReporter -->
<testsuite skipped="0" hostname="DESKTOP-HGMDJ3C" name="demo31.Demo5" tests="6" failures="0" timestamp="06 Mar 2022 06:47:24 GMT" time="0.011" errors="0">
  <testcase name="editUser" time="0.000" classname="demo31.Demo5"/>
  <testcase name="deleteUser" time="0.000" classname="demo31.Demo5"/>
  <testcase name="createCustomer" time="0.011" classname="demo31.Demo5"/>
  <testcase name="createUser" time="0.000" classname="demo31.Demo5"/>
  <testcase name="editCustomer" time="0.000" classname="demo31.Demo5"/>
  <testcase name="deleteCustomer" time="0.000" classname="demo31.Demo5"/>
</testsuite> <!-- demo31.Demo5 -->
