<?xml version="1.0" encoding="UTF-8"?>
<!-- Generated by org.testng.reporters.JUnitReportReporter -->
<testsuite skipped="0" hostname="DESKTOP-HGMDJ3C" name="demo31.Demo8" tests="1" failures="0" timestamp="06 Mar 2022 08:05:16 GMT" time="0.015" errors="0">
  <testcase name="testC" time="0.015" classname="demo31.Demo8"/>
</testsuite> <!-- demo31.Demo8 -->
