<?xml version="1.0" encoding="UTF-8"?>
<!-- Generated by org.testng.reporters.JUnitReportReporter -->
<testsuite skipped="0" hostname="DESKTOP-HGMDJ3C" name="demo32.Test1" tests="1" failures="0" timestamp="06 Mar 2022 09:17:57 GMT" time="15.202" errors="0">
  <testcase name="testA" time="15.202" classname="demo32.Test1"/>
</testsuite> <!-- demo32.Test1 -->
