<?xml version="1.0" encoding="UTF-8"?>
<!-- Generated by org.testng.reporters.JUnitReportReporter -->
<testsuite skipped="0" hostname="DESKTOP-HGMDJ3C" name="demo31.Demo3" tests="1" failures="0" timestamp="06 Mar 2022 06:14:24 GMT" time="0.000" errors="0">
  <testcase name="test3" time="0.000" classname="demo31.Demo3"/>
</testsuite> <!-- demo31.Demo3 -->
