<?xml version="1.0" encoding="UTF-8"?>
<!-- Generated by org.testng.reporters.JUnitReportReporter -->
<testsuite skipped="0" hostname="DESKTOP-HGMDJ3C" name="day30.Demo5" tests="5" failures="0" timestamp="03 Mar 2022 15:34:54 GMT" time="0.024" errors="0">
  <testcase name="createUser" time="0.013" classname="day30.Demo5"/>
  <testcase name="createUser" time="0.005" classname="day30.Demo5"/>
  <testcase name="createUser" time="0.002" classname="day30.Demo5"/>
  <testcase name="createUser" time="0.002" classname="day30.Demo5"/>
  <testcase name="createUser" time="0.002" classname="day30.Demo5"/>
</testsuite> <!-- day30.Demo5 -->
