<?xml version="1.0" encoding="UTF-8"?>
<!-- Generated by org.testng.reporters.JUnitReportReporter -->
<testsuite skipped="0" hostname="DESKTOP-HGMDJ3C" name="demo31.Demo4" tests="3" failures="0" timestamp="06 Mar 2022 06:38:54 GMT" time="0.016" errors="0">
  <testcase name="editCustomer" time="0.000" classname="demo31.Demo4"/>
  <testcase name="createCustomer" time="0.016" classname="demo31.Demo4"/>
  <testcase name="deleteCustomer" time="0.000" classname="demo31.Demo4"/>
</testsuite> <!-- demo31.Demo4 -->
