<?xml version="1.0" encoding="UTF-8"?>
<!-- Generated by org.testng.reporters.JUnitReportReporter -->
<testsuite skipped="0" hostname="DESKTOP-HGMDJ3C" name="day30.Demo2" tests="2" failures="0" timestamp="03 Mar 2022 08:51:18 GMT" time="0.016" errors="0">
  <testcase name="registerUser" time="0.016" classname="day30.Demo2"/>
  <testcase name="deleteUser" time="0.000" classname="day30.Demo2"/>
</testsuite> <!-- day30.Demo2 -->
