<?xml version="1.0" encoding="UTF-8"?>
<!-- Generated by org.testng.reporters.JUnitReportReporter -->
<testsuite skipped="0" hostname="DESKTOP-HGMDJ3C" name="demo31.Demo1" tests="1" failures="0" timestamp="03 Mar 2022 21:29:59 GMT" time="0.017" errors="0">
  <testcase name="testA" time="0.017" classname="demo31.Demo1"/>
</testsuite> <!-- demo31.Demo1 -->
