<?xml version="1.0" encoding="UTF-8"?>
<!-- Generated by org.testng.reporters.JUnitReportReporter -->
<testsuite skipped="0" hostname="DESKTOP-HGMDJ3C" name="day30.Demo6" tests="12" failures="0" timestamp="03 Mar 2022 19:25:58 GMT" time="0.031" errors="0">
  <testcase name="createUser1" time="0.016" classname="day30.Demo6"/>
  <testcase name="createUser1" time="0.000" classname="day30.Demo6"/>
  <testcase name="createUser" time="0.000" classname="day30.Demo6"/>
  <testcase name="createUser1" time="0.000" classname="day30.Demo6"/>
  <testcase name="createUser" time="0.015" classname="day30.Demo6"/>
  <testcase name="createUser1" time="0.000" classname="day30.Demo6"/>
  <testcase name="createUser1" time="0.000" classname="day30.Demo6"/>
  <testcase name="createUser" time="0.000" classname="day30.Demo6"/>
  <testcase name="createUser1" time="0.000" classname="day30.Demo6"/>
  <testcase name="createUser1" time="0.000" classname="day30.Demo6"/>
  <testcase name="createUser" time="0.000" classname="day30.Demo6"/>
  <testcase name="createUser" time="0.000" classname="day30.Demo6"/>
</testsuite> <!-- day30.Demo6 -->
