<?xml version="1.0" encoding="UTF-8"?>
<!-- Generated by org.testng.reporters.JUnitReportReporter -->
<testsuite skipped="0" hostname="DESKTOP-HGMDJ3C" name="day30.Demo1" tests="2" failures="0" timestamp="03 Mar 2022 08:47:29 GMT" time="0.008" errors="0">
  <testcase name="testA" time="0.008" classname="day30.Demo1"/>
  <testcase name="testB" time="0.000" classname="day30.Demo1"/>
</testsuite> <!-- day30.Demo1 -->
