<?xml version="1.0" encoding="UTF-8"?>
<!-- Generated by org.testng.reporters.JUnitReportReporter -->
<testsuite skipped="0" hostname="DESKTOP-HGMDJ3C" name="day29.Demo2" tests="1" failures="0" timestamp="03 Mar 2022 07:13:49 GMT" time="0.000" errors="0">
  <testcase name="testB" time="0.000" classname="day29.Demo2"/>
</testsuite> <!-- day29.Demo2 -->
