<?xml version="1.0" encoding="UTF-8"?>
<!-- Generated by org.testng.reporters.JUnitReportReporter -->
<testsuite skipped="0" hostname="DESKTOP-HGMDJ3C" name="day29.Test2" tests="1" failures="0" timestamp="03 Mar 2022 07:13:49 GMT" time="0.015" errors="0">
  <testcase name="testA" time="0.015" classname="day29.Test2"/>
</testsuite> <!-- day29.Test2 -->
