<?xml version="1.0" encoding="UTF-8"?>
<!-- Generated by org.testng.reporters.JUnitReportReporter -->
<testsuite skipped="0" hostname="DESKTOP-HGMDJ3C" name="day30.Demo3" tests="3" failures="0" timestamp="03 Mar 2022 09:01:24 GMT" time="0.070" errors="0">
  <testcase name="registerUser" time="0.062" classname="day30.Demo3"/>
  <testcase name="editUser" time="0.000" classname="day30.Demo3"/>
  <testcase name="deleteUser" time="0.008" classname="day30.Demo3"/>
</testsuite> <!-- day30.Demo3 -->
